2026-05-01 01:33:49 [DEBUG] asyncio: Using selector: KqueueSelector
2026-05-01 01:33:50 [INFO] publisher.browser: 使用已保存的登录状态启动浏览器: /Users/liangfushou/.opencode/fanqie_auth_state.json
2026-05-01 01:33:54 [INFO] publisher.browser: 浏览器启动成功 (headless=False, storage_state=True)
2026-05-01 01:33:54 [INFO] publisher.auth: 正在导航到番茄作家后台: https://fanqienovel.com/main/writer/?enter_from=author_zone
2026-05-01 01:34:00 [INFO] publisher.auth: 已登录（URL: https://fanqienovel.com/main/writer/?enter_from=author_zone）
2026-05-01 01:34:00 [INFO] publisher.auth: 登录状态已保存到: /Users/liangfushou/.opencode/fanqie_auth_state.json
2026-05-01 01:34:00 [DEBUG] publisher.fanqie_client: GET /api/author/book/category_list/v0/ → HTTP 200  body='{"code":0,"data":[{"category_id":1141,"label":"主分类","name":"西方奇幻","cover_uri":"http://p3-novel.byteimg.com/novel-static/ca9bcbdf81c232e00a89c14af6974c3e~tplv-noop.image","description":"偏西方世界背景下，包含魔法斗气'
2026-05-01 01:34:00 [DEBUG] publisher.fanqie_client: GET /api/author/book/group_category_list/v0/ → HTTP 200  body='{"code":0,"data":[{"category_id":10,"name":"悬疑","description":"恐怖惊悚，悬疑推理，灵异盗墓，神秘文化等文","group_id":2,"group_name":"男频1","gender":1,"cover_url":"http://p3-novel.byteimg.com/novel-static/f53399cf27ce1b0f7'
2026-05-01 01:34:00 [INFO] publisher.fanqie_client: 创建书籍: genre='动漫同人 / 火影 / 无系统 / 杀伐果断' gender=1 category_id=538 label_ids=['258', '57']
2026-05-01 01:34:00 [INFO] publisher.fanqie_client: POST /api/author/book/create/v0/ → HTTP 200  body={"code":-2,"data":null,"log_id":"20260501013402A3B80D0BE7ECBB90CAAC","message":"参数有误"}

2026-05-01 01:49:44 [INFO] publisher.browser: 浏览器已关闭
2026-05-01 01:51:32 [INFO] publisher.browser: 使用已保存的登录状态启动浏览器: /Users/liangfushou/.opencode/fanqie_auth_state.json
2026-05-01 01:51:34 [INFO] publisher.browser: 浏览器启动成功 (headless=False, storage_state=True)
2026-05-01 01:51:34 [INFO] publisher.auth: 正在导航到番茄作家后台: https://fanqienovel.com/main/writer/?enter_from=author_zone
2026-05-01 01:51:37 [INFO] publisher.auth: 已登录（URL: https://fanqienovel.com/main/writer/?enter_from=author_zone）
2026-05-01 01:51:37 [INFO] publisher.auth: 登录状态已保存到: /Users/liangfushou/.opencode/fanqie_auth_state.json
2026-05-01 01:51:38 [DEBUG] publisher.fanqie_client: GET /api/author/book/category_list/v0/ → HTTP 200  body='{"code":0,"data":[{"category_id":1141,"label":"主分类","name":"西方奇幻","cover_uri":"http://p3-novel.byteimg.com/novel-static/ca9bcbdf81c232e00a89c14af6974c3e~tplv-noop.image","description":"偏西方世界背景下，包含魔法斗气'
2026-05-01 01:51:38 [DEBUG] publisher.fanqie_client: GET /api/author/book/group_category_list/v0/ → HTTP 200  body='{"code":0,"data":[{"category_id":10,"name":"悬疑","description":"恐怖惊悚，悬疑推理，灵异盗墓，神秘文化等文","group_id":2,"group_name":"男频1","gender":1,"cover_url":"http://p3-novel.byteimg.com/novel-static/f53399cf27ce1b0f7'
2026-05-01 01:51:38 [INFO] publisher.fanqie_client: 创建书籍: genre='动漫同人 / 火影 / 无系统 / 杀伐果断' gender=1 category_id=538 label_ids=['258', '57']
2026-05-01 01:51:38 [INFO] publisher.fanqie_client: POST /api/author/book/create/v0/ → HTTP 200  body={"code":-2,"data":null,"log_id":"2026050101514095BD0B092E9FFF4E0746","message":"参数有误"}

2026-05-01 01:56:07 [DEBUG] publisher.fanqie_client: GET /api/author/homepage/book_list/v0/ → HTTP 200  body='{"code":0,"data":{"author_risk":1,"book_list":[{"abstract":"波之国大桥上，白即将替再不斩挡下雷切。所有人都以为，这就是他的命。只有雾原朔看见了那条死线。他不是穿越者，没有系统，也不知道完整剧情。他只是血雾时代活下来的判忍，凭一双“死劫之眼”，看见别人最接近死亡的瞬间。于是，白没死。再不斩没死。卡多被清算。波之国的结局，从这一刻彻底偏离原著'
2026-05-01 01:56:10 [DEBUG] publisher.fanqie_client: GET /api/author/chapter/chapter_list/v1 → HTTP 200  body='{"code":0,"data":{"total_count":0,"total_fail_count":0,"book_genre":0,"item_list":[],"book_status":2,"creation_status":1,"book_write_extra_permission":0,"book_extra_word_number":0},"log_id":"202605010'
2026-05-01 01:56:10 [DEBUG] publisher.fanqie_client: GET /api/author/chapter/draft_list/v1/ → HTTP 200  body='{"code":0,"data":{"total_count":0,"draft_list":[],"book_status":2,"creation_status":1,"book_write_extra_permission":0,"book_extra_word_number":0},"log_id":"20260501015612E49BA2859CF51E716CEE","message'
2026-05-01 01:56:47 [DEBUG] publisher.fanqie_client: GET /api/author/volume/volume_list/v1/ → HTTP 200  body='{"code":0,"data":{"volume_list":[{"index":1,"book_id":"7634607479384460313","volume_id":"7634607480890215449","volume_name":"第一卷：默认","item_count":0,"can_delete":true}]},"log_id":"202605010156492108EB4'
2026-05-01 01:56:47 [INFO] publisher.fanqie_client: 开始上传 3 章到书籍 7634607479384460313
2026-05-01 01:56:48 [INFO] publisher.fanqie_client: POST /api/author/article/new_article/v0/ → HTTP 200  body={"code":0,"data":{"column_data":{"article_status":0,"book_id":"7634607479384460313","book_name":"火影：血雾判忍，开局救下白","can_charge":0,"previous_chapter_title":"","need_pay":0,"platform":2,"sale_type":0,"status":2,"verify_status":1,"audit_chapter":{"audit_failed_chapter_title":"","audit_time_chapter_title":""},"origin_chapter_ad_status":0,"chapter_ad_permission":false,"chapter_passed_num":0,"has_new_volume":false,"attribution_type":1,"book_extra_word_number":0,"has_new_volume_tip":"可以在这里选择新建的分卷"},"volum
2026-05-01 01:56:48 [INFO] publisher.fanqie_client: 已创建草稿槽: item_id=7634612790824550936
2026-05-01 01:56:48 [INFO] publisher.fanqie_client: POST /api/author/article/cover_article/v0/ → HTTP 200  body={"code":0,"data":{"latest_version":1},"log_id":"202605010156505907DD193B7DD157E81B","message":"success"}

2026-05-01 01:56:48 [INFO] publisher.fanqie_client: 草稿已保存: item_id=7634612790824550936, title=第 1 章 桥上的白线
2026-05-01 01:56:48 [INFO] publisher.fanqie_client: POST /api/author/article/new_article/v0/ → HTTP 200  body={"code":0,"data":{"column_data":{"article_status":0,"book_id":"7634607479384460313","book_name":"火影：血雾判忍，开局救下白","can_charge":0,"previous_chapter_title":"","need_pay":0,"platform":2,"sale_type":0,"status":2,"verify_status":1,"audit_chapter":{"audit_failed_chapter_title":"","audit_time_chapter_title":""},"origin_chapter_ad_status":0,"chapter_ad_permission":false,"chapter_passed_num":0,"has_new_volume":false,"attribution_type":1,"book_extra_word_number":0,"has_new_volume_tip":"可以在这里选择新建的分卷"},"volum
2026-05-01 01:56:48 [INFO] publisher.fanqie_client: 已创建草稿槽: item_id=7634612792779096600
2026-05-01 01:56:48 [INFO] publisher.fanqie_client: POST /api/author/article/cover_article/v0/ → HTTP 200  body={"code":0,"data":{"latest_version":1},"log_id":"2026050101565077130601B4AE9E7E57CF","message":"success"}

2026-05-01 01:56:48 [INFO] publisher.fanqie_client: 草稿已保存: item_id=7634612792779096600, title=第 2 章 雷光之前
2026-05-01 01:56:49 [INFO] publisher.fanqie_client: POST /api/author/article/new_article/v0/ → HTTP 200  body={"code":0,"data":{"column_data":{"article_status":0,"book_id":"7634607479384460313","book_name":"火影：血雾判忍，开局救下白","can_charge":0,"previous_chapter_title":"","need_pay":0,"platform":2,"sale_type":0,"status":2,"verify_status":1,"audit_chapter":{"audit_failed_chapter_title":"","audit_time_chapter_title":""},"origin_chapter_ad_status":0,"chapter_ad_permission":false,"chapter_passed_num":0,"has_new_volume":false,"attribution_type":1,"book_extra_word_number":0,"has_new_volume_tip":"可以在这里选择新建的分卷"},"volum
2026-05-01 01:56:49 [INFO] publisher.fanqie_client: 已创建草稿槽: item_id=7634612794800751128
2026-05-01 01:56:49 [INFO] publisher.fanqie_client: POST /api/author/article/cover_article/v0/ → HTTP 200  body={"code":0,"data":{"latest_version":1},"log_id":"202605010156512108EB4B936A69A271A7","message":"success"}

2026-05-01 01:56:49 [INFO] publisher.fanqie_client: 草稿已保存: item_id=7634612794800751128, title=第 3 章 第二条死线
2026-05-01 02:12:44 [INFO] publisher.browser: 浏览器已关闭
2026-05-01 03:36:51 [DEBUG] asyncio: Using selector: KqueueSelector
2026-05-01 03:36:52 [INFO] publisher.browser: 使用已保存的登录状态启动浏览器: /Users/liangfushou/.opencode/fanqie_auth_state.json
2026-05-01 03:36:53 [INFO] publisher.browser: 浏览器启动成功 (headless=False, storage_state=True)
2026-05-01 03:36:53 [INFO] publisher.auth: 正在导航到番茄作家后台: https://fanqienovel.com/main/writer/?enter_from=author_zone
2026-05-01 03:36:59 [INFO] publisher.auth: 已登录（URL: https://fanqienovel.com/main/writer/?enter_from=author_zone）
2026-05-01 03:36:59 [INFO] publisher.auth: 登录状态已保存到: /Users/liangfushou/.opencode/fanqie_auth_state.json
2026-05-01 03:36:59 [DEBUG] publisher.fanqie_client: GET /api/author/homepage/book_list/v0/ → HTTP 200  body='{"code":0,"data":{"author_risk":1,"book_list":[{"abstract":"波之国大桥上，白即将替再不斩挡下雷切。所有人都以为，这就是他的命。只有雾原朔看见了那条死线。他不是穿越者，没有系统，也不知道完整剧情。他只是血雾时代活下来的判忍，凭一双“死劫之眼”，看见别人最接近死亡的瞬间。于是，白没死。再不斩没死。卡多被清算。波之国的结局，从这一刻彻底偏离原著'
2026-05-01 03:37:45 [DEBUG] publisher.fanqie_client: GET /api/author/chapter/chapter_list/v1 → HTTP 200  body='{"code":0,"data":{"total_count":0,"total_fail_count":0,"book_genre":0,"item_list":[],"book_status":2,"creation_status":1,"book_write_extra_permission":0,"book_extra_word_number":0},"log_id":"202605010'
2026-05-01 03:37:45 [DEBUG] publisher.fanqie_client: GET /api/author/chapter/draft_list/v1/ → HTTP 200  body='{"code":0,"data":{"total_count":3,"draft_list":[{"item_id":"7634612792779096600","volume_id":"7634607480890215449","volume_name":"","index":-1,"title":"第 2 章 雷光之前","modify_time":"1777571810","word_num'
2026-05-01 03:38:53 [DEBUG] publisher.fanqie_client: GET /api/author/homepage/book_list/v0/ → HTTP 200  body='{"code":0,"data":{"author_risk":1,"book_list":[{"abstract":"波之国大桥上，白即将替再不斩挡下雷切。所有人都以为，这就是他的命。只有雾原朔看见了那条死线。他不是穿越者，没有系统，也不知道完整剧情。他只是血雾时代活下来的判忍，凭一双“死劫之眼”，看见别人最接近死亡的瞬间。于是，白没死。再不斩没死。卡多被清算。波之国的结局，从这一刻彻底偏离原著'
2026-05-01 03:38:53 [DEBUG] publisher.fanqie_client: GET /api/author/chapter/chapter_list/v1 → HTTP 200  body='{"code":0,"data":{"total_count":0,"total_fail_count":0,"book_genre":0,"item_list":[],"book_status":2,"creation_status":1,"book_write_extra_permission":0,"book_extra_word_number":0},"log_id":"202605010'
2026-05-01 03:38:53 [DEBUG] publisher.fanqie_client: GET /api/author/chapter/draft_list/v1/ → HTTP 200  body='{"code":0,"data":{"total_count":3,"draft_list":[{"item_id":"7634612792779096600","volume_id":"7634607480890215449","volume_name":"","index":-1,"title":"第 2 章 雷光之前","modify_time":"1777571810","word_num'
2026-05-01 03:40:30 [DEBUG] publisher.fanqie_client: GET /api/author/homepage/book_list/v0/ → HTTP 200  body='{"code":0,"data":{"author_risk":1,"book_list":[{"abstract":"波之国大桥上，白即将替再不斩挡下雷切。所有人都以为，这就是他的命。只有雾原朔看见了那条死线。他不是穿越者，没有系统，也不知道完整剧情。他只是血雾时代活下来的判忍，凭一双“死劫之眼”，看见别人最接近死亡的瞬间。于是，白没死。再不斩没死。卡多被清算。波之国的结局，从这一刻彻底偏离原著'
2026-05-01 03:41:24 [DEBUG] publisher.fanqie_client: GET /api/author/homepage/book_list/v0/ → HTTP 200  body='{"code":0,"data":{"author_risk":1,"book_list":[{"abstract":"波之国大桥上，白即将替再不斩挡下雷切。所有人都以为，这就是他的命。只有雾原朔看见了那条死线。他不是穿越者，没有系统，也不知道完整剧情。他只是血雾时代活下来的判忍，凭一双“死劫之眼”，看见别人最接近死亡的瞬间。于是，白没死。再不斩没死。卡多被清算。波之国的结局，从这一刻彻底偏离原著'
2026-05-01 03:41:24 [DEBUG] publisher.fanqie_client: GET /api/author/chapter/chapter_list/v1 → HTTP 200  body='{"code":0,"data":{"total_count":0,"total_fail_count":0,"book_genre":0,"item_list":[],"book_status":2,"creation_status":1,"book_write_extra_permission":0,"book_extra_word_number":0},"log_id":"202605010'
2026-05-01 03:41:24 [DEBUG] publisher.fanqie_client: GET /api/author/chapter/draft_list/v1/ → HTTP 200  body='{"code":0,"data":{"total_count":3,"draft_list":[{"item_id":"7634612792779096600","volume_id":"7634607480890215449","volume_name":"","index":-1,"title":"第 2 章 雷光之前","modify_time":"1777571810","word_num'
2026-05-01 03:41:54 [DEBUG] publisher.fanqie_client: GET /api/author/chapter/chapter_list/v1 → HTTP 200  body='{"code":0,"data":{"total_count":20,"total_fail_count":0,"book_genre":0,"item_list":[{"item_id":"7632416175393079833","volume_id":"7632404562258709529","index":20,"title":"第20章 不离婚","recommend_title":"'
2026-05-01 03:41:54 [DEBUG] publisher.fanqie_client: GET /api/author/chapter/draft_list/v1/ → HTTP 200  body='{"code":0,"data":{"total_count":0,"draft_list":[],"book_status":1,"creation_status":1,"book_write_extra_permission":0,"book_extra_word_number":0},"log_id":"20260501034154DFD0A5D2F91FC36A7721","message'
2026-05-01 03:42:18 [DEBUG] publisher.fanqie_client: GET /api/author/homepage/book_list/v0/ → HTTP 200  body='{"code":0,"data":{"author_risk":1,"book_list":[{"abstract":"波之国大桥上，白即将替再不斩挡下雷切。所有人都以为，这就是他的命。只有雾原朔看见了那条死线。他不是穿越者，没有系统，也不知道完整剧情。他只是血雾时代活下来的判忍，凭一双“死劫之眼”，看见别人最接近死亡的瞬间。于是，白没死。再不斩没死。卡多被清算。波之国的结局，从这一刻彻底偏离原著'
2026-05-01 03:42:18 [DEBUG] publisher.fanqie_client: GET /api/author/chapter/chapter_list/v1 → HTTP 200  body='{"code":0,"data":{"total_count":0,"total_fail_count":0,"book_genre":0,"item_list":[],"book_status":2,"creation_status":1,"book_write_extra_permission":0,"book_extra_word_number":0},"log_id":"202605010'
2026-05-01 03:42:18 [DEBUG] publisher.fanqie_client: GET /api/author/chapter/draft_list/v1/ → HTTP 200  body='{"code":0,"data":{"total_count":3,"draft_list":[{"item_id":"7634612792779096600","volume_id":"7634607480890215449","volume_name":"","index":-1,"title":"第 2 章 雷光之前","modify_time":"1777571810","word_num'
2026-05-01 03:43:04 [DEBUG] publisher.fanqie_client: GET /api/author/chapter/chapter_list/v1 → HTTP 200  body='{"code":0,"data":{"total_count":0,"total_fail_count":0,"book_genre":0,"item_list":[],"book_status":2,"creation_status":1,"book_write_extra_permission":0,"book_extra_word_number":0},"log_id":"202605010'
2026-05-01 03:43:04 [DEBUG] publisher.fanqie_client: GET /api/author/chapter/draft_list/v1/ → HTTP 200  body='{"code":0,"data":{"total_count":3,"draft_list":[{"item_id":"7634612792779096600","volume_id":"7634607480890215449","volume_name":"","index":-1,"title":"第 2 章 雷光之前","modify_time":"1777571810","word_num'
2026-05-01 03:44:34 [DEBUG] publisher.fanqie_client: GET /api/author/homepage/book_list/v0/ → HTTP 200  body='{"code":0,"data":{"author_risk":1,"book_list":[{"abstract":"波之国大桥上，白即将替再不斩挡下雷切。所有人都以为，这就是他的命。只有雾原朔看见了那条死线。他不是穿越者，没有系统，也不知道完整剧情。他只是血雾时代活下来的判忍，凭一双“死劫之眼”，看见别人最接近死亡的瞬间。于是，白没死。再不斩没死。卡多被清算。波之国的结局，从这一刻彻底偏离原著'
2026-05-01 03:46:13 [DEBUG] asyncio: Using selector: KqueueSelector
2026-05-01 03:46:13 [INFO] publisher.browser: 使用已保存的登录状态启动浏览器: /Users/liangfushou/.opencode/fanqie_auth_state.json
2026-05-01 03:46:17 [INFO] publisher.browser: 浏览器启动成功 (headless=False, storage_state=True)
2026-05-01 03:46:17 [INFO] publisher.auth: 正在导航到番茄作家后台: https://fanqienovel.com/main/writer/?enter_from=author_zone
2026-05-01 03:46:20 [INFO] publisher.auth: 已登录（URL: https://fanqienovel.com/main/writer/?enter_from=author_zone）
2026-05-01 03:46:20 [INFO] publisher.auth: 登录状态已保存到: /Users/liangfushou/.opencode/fanqie_auth_state.json
2026-05-01 03:46:21 [INFO] publisher.browser: 浏览器已关闭
2026-05-01 03:46:32 [DEBUG] asyncio: Using selector: KqueueSelector
2026-05-01 03:46:33 [INFO] publisher.browser: 使用已保存的登录状态启动浏览器: /Users/liangfushou/.opencode/fanqie_auth_state.json
2026-05-01 03:46:34 [INFO] publisher.browser: 浏览器启动成功 (headless=False, storage_state=True)
2026-05-01 03:46:34 [INFO] publisher.auth: 正在导航到番茄作家后台: https://fanqienovel.com/main/writer/?enter_from=author_zone
2026-05-01 03:46:37 [INFO] publisher.auth: 已登录（URL: https://fanqienovel.com/main/writer/?enter_from=author_zone）
2026-05-01 03:46:37 [INFO] publisher.auth: 登录状态已保存到: /Users/liangfushou/.opencode/fanqie_auth_state.json
2026-05-01 03:46:43 [INFO] publisher.browser: 浏览器已关闭
2026-05-01 03:47:17 [DEBUG] publisher.fanqie_client: GET /api/author/homepage/book_list/v0/ → HTTP 200  body='{"code":0,"data":{"author_risk":1,"book_list":[{"abstract":"波之国大桥上，白即将替再不斩挡下雷切。所有人都以为，这就是他的命。只有雾原朔看见了那条死线。他不是穿越者，没有系统，也不知道完整剧情。他只是血雾时代活下来的判忍，凭一双“死劫之眼”，看见别人最接近死亡的瞬间。于是，白没死。再不斩没死。卡多被清算。波之国的结局，从这一刻彻底偏离原著'
2026-05-01 03:47:17 [DEBUG] publisher.fanqie_client: GET /api/author/chapter/chapter_list/v1 → HTTP 200  body='{"code":0,"data":{"total_count":0,"total_fail_count":0,"book_genre":0,"item_list":[],"book_status":2,"creation_status":1,"book_write_extra_permission":0,"book_extra_word_number":0},"log_id":"202605010'
2026-05-01 03:47:17 [DEBUG] publisher.fanqie_client: GET /api/author/chapter/draft_list/v1/ → HTTP 200  body='{"code":0,"data":{"total_count":2,"draft_list":[{"item_id":"7634612792779096600","volume_id":"7634607480890215449","volume_name":"","index":-1,"title":"第 2 章 雷光之前","modify_time":"1777571810","word_num'
2026-05-01 03:47:59 [DEBUG] publisher.fanqie_client: GET /api/author/chapter/chapter_list/v1 → HTTP 200  body='{"code":0,"data":{"total_count":0,"total_fail_count":0,"book_genre":0,"item_list":[],"book_status":2,"creation_status":1,"book_write_extra_permission":0,"book_extra_word_number":0},"log_id":"202605010'
2026-05-01 03:47:59 [DEBUG] publisher.fanqie_client: GET /api/author/chapter/draft_list/v1/ → HTTP 200  body='{"code":0,"data":{"total_count":0,"draft_list":[],"book_status":2,"creation_status":1,"book_write_extra_permission":0,"book_extra_word_number":0},"log_id":"2026050103475982892D8F93F3ADBA0CAF","message'
2026-05-01 03:48:26 [DEBUG] publisher.fanqie_client: GET /api/author/homepage/book_list/v0/ → HTTP 200  body='{"code":0,"data":{"author_risk":1,"book_list":[{"abstract":"波之国大桥上，白即将替再不斩挡下雷切。所有人都以为，这就是他的命。只有雾原朔看见了那条死线。他不是穿越者，没有系统，也不知道完整剧情。他只是血雾时代活下来的判忍，凭一双“死劫之眼”，看见别人最接近死亡的瞬间。于是，白没死。再不斩没死。卡多被清算。波之国的结局，从这一刻彻底偏离原著'
2026-05-01 03:48:27 [DEBUG] publisher.fanqie_client: GET /api/author/chapter/chapter_list/v1 → HTTP 200  body='{"code":0,"data":{"total_count":0,"total_fail_count":0,"book_genre":0,"item_list":[],"book_status":2,"creation_status":1,"book_write_extra_permission":0,"book_extra_word_number":0},"log_id":"202605010'
2026-05-01 03:48:27 [DEBUG] publisher.fanqie_client: GET /api/author/chapter/draft_list/v1/ → HTTP 200  body='{"code":0,"data":{"total_count":0,"draft_list":[],"book_status":2,"creation_status":1,"book_write_extra_permission":0,"book_extra_word_number":0},"log_id":"20260501034827A4211FA36B8D12521BAF","message'
2026-05-01 03:48:29 [DEBUG] publisher.fanqie_client: GET /api/author/chapter/chapter_list/v1 → HTTP 200  body='{"code":0,"data":{"total_count":20,"total_fail_count":0,"book_genre":0,"item_list":[{"item_id":"7632416175393079833","volume_id":"7632404562258709529","index":20,"title":"第20章 不离婚","recommend_title":"'
2026-05-01 03:48:29 [DEBUG] publisher.fanqie_client: GET /api/author/chapter/draft_list/v1/ → HTTP 200  body='{"code":0,"data":{"total_count":0,"draft_list":[],"book_status":1,"creation_status":1,"book_write_extra_permission":0,"book_extra_word_number":0},"log_id":"2026050103482934AC40920B367692E200","message'
2026-05-01 03:48:31 [DEBUG] publisher.fanqie_client: GET /api/author/chapter/chapter_list/v1 → HTTP 200  body='{"code":0,"data":{"total_count":0,"total_fail_count":0,"book_genre":0,"item_list":[],"book_status":2,"creation_status":1,"book_write_extra_permission":0,"book_extra_word_number":0},"log_id":"202605010'
2026-05-01 03:48:31 [DEBUG] publisher.fanqie_client: GET /api/author/chapter/draft_list/v1/ → HTTP 200  body='{"code":0,"data":{"total_count":0,"draft_list":[],"book_status":2,"creation_status":1,"book_write_extra_permission":0,"book_extra_word_number":0},"log_id":"202605010348317747D30DAC706C771C1B","message'
2026-05-01 03:48:48 [DEBUG] publisher.fanqie_client: GET /api/author/chapter/chapter_list/v1 → HTTP 200  body='{"code":0,"data":{"total_count":0,"total_fail_count":0,"book_genre":0,"item_list":[],"book_status":2,"creation_status":1,"book_write_extra_permission":0,"book_extra_word_number":0},"log_id":"202605010'
2026-05-01 03:48:48 [DEBUG] publisher.fanqie_client: GET /api/author/chapter/draft_list/v1/ → HTTP 200  body='{"code":0,"data":{"total_count":0,"draft_list":[],"book_status":2,"creation_status":1,"book_write_extra_permission":0,"book_extra_word_number":0},"log_id":"20260501034848A4211FA36B8D12521E54","message'
2026-05-01 03:49:31 [DEBUG] publisher.fanqie_client: GET /api/author/homepage/book_list/v0/ → HTTP 200  body='{"code":0,"data":{"author_risk":1,"book_list":[{"abstract":"波之国大桥上，白即将替再不斩挡下雷切。所有人都以为，这就是他的命。只有雾原朔看见了那条死线。他不是穿越者，没有系统，也不知道完整剧情。他只是血雾时代活下来的判忍，凭一双“死劫之眼”，看见别人最接近死亡的瞬间。于是，白没死。再不斩没死。卡多被清算。波之国的结局，从这一刻彻底偏离原著'
2026-05-01 03:49:31 [DEBUG] publisher.fanqie_client: GET /api/author/chapter/chapter_list/v1 → HTTP 200  body='{"code":0,"data":{"total_count":0,"total_fail_count":0,"book_genre":0,"item_list":[],"book_status":2,"creation_status":1,"book_write_extra_permission":0,"book_extra_word_number":0},"log_id":"202605010'
2026-05-01 03:49:31 [DEBUG] publisher.fanqie_client: GET /api/author/chapter/draft_list/v1/ → HTTP 200  body='{"code":0,"data":{"total_count":0,"draft_list":[],"book_status":2,"creation_status":1,"book_write_extra_permission":0,"book_extra_word_number":0},"log_id":"2026050103493138C5AB692B1EAC8A9066","message'
2026-05-01 03:50:06 [DEBUG] publisher.fanqie_client: GET /api/author/homepage/book_list/v0/ → HTTP 200  body='{"code":0,"data":{"author_risk":1,"book_list":[{"abstract":"波之国大桥上，白即将替再不斩挡下雷切。所有人都以为，这就是他的命。只有雾原朔看见了那条死线。他不是穿越者，没有系统，也不知道完整剧情。他只是血雾时代活下来的判忍，凭一双“死劫之眼”，看见别人最接近死亡的瞬间。于是，白没死。再不斩没死。卡多被清算。波之国的结局，从这一刻彻底偏离原著'
2026-05-01 03:50:06 [DEBUG] publisher.fanqie_client: GET /api/author/chapter/chapter_list/v1 → HTTP 200  body='{"code":0,"data":{"total_count":0,"total_fail_count":0,"book_genre":0,"item_list":[],"book_status":2,"creation_status":1,"book_write_extra_permission":0,"book_extra_word_number":0},"log_id":"202605010'
2026-05-01 03:50:07 [DEBUG] publisher.fanqie_client: GET /api/author/chapter/draft_list/v1/ → HTTP 200  body='{"code":0,"data":{"total_count":0,"draft_list":[],"book_status":2,"creation_status":1,"book_write_extra_permission":0,"book_extra_word_number":0},"log_id":"20260501035006BA647E51AF75AE853B5D","message'
2026-05-01 03:50:49 [DEBUG] publisher.fanqie_client: GET /api/author/chapter/chapter_list/v1 → HTTP 200  body='{"code":0,"data":{"total_count":0,"total_fail_count":0,"book_genre":0,"item_list":[],"book_status":2,"creation_status":1,"book_write_extra_permission":0,"book_extra_word_number":0},"log_id":"202605010'
2026-05-01 03:50:49 [DEBUG] publisher.fanqie_client: GET /api/author/chapter/draft_list/v1/ → HTTP 200  body='{"code":0,"data":{"total_count":0,"draft_list":[],"book_status":2,"creation_status":1,"book_write_extra_permission":0,"book_extra_word_number":0},"log_id":"20260501035049C2FCF918366172936802","message'
2026-05-01 03:51:04 [DEBUG] asyncio: Using selector: KqueueSelector
2026-05-01 03:51:05 [INFO] publisher.browser: 使用已保存的登录状态启动浏览器: /Users/liangfushou/.opencode/fanqie_auth_state.json
2026-05-01 03:51:06 [INFO] publisher.browser: 浏览器启动成功 (headless=False, storage_state=True)
2026-05-01 03:51:06 [INFO] publisher.auth: 正在导航到番茄作家后台: https://fanqienovel.com/main/writer/?enter_from=author_zone
2026-05-01 03:51:08 [INFO] publisher.auth: 已登录（URL: https://fanqienovel.com/main/writer/?enter_from=author_zone）
2026-05-01 03:51:08 [INFO] publisher.auth: 登录状态已保存到: /Users/liangfushou/.opencode/fanqie_auth_state.json
2026-05-01 03:51:08 [DEBUG] publisher.fanqie_client: GET /api/author/chapter/chapter_list/v1 → HTTP 200  body='{"code":0,"data":{"total_count":0,"total_fail_count":0,"book_genre":0,"item_list":[],"book_status":2,"creation_status":1,"book_write_extra_permission":0,"book_extra_word_number":0},"log_id":"202605010'
2026-05-01 03:51:09 [DEBUG] publisher.fanqie_client: GET /api/author/chapter/draft_list/v1/ → HTTP 200  body='{"code":0,"data":{"total_count":0,"draft_list":[],"book_status":2,"creation_status":1,"book_write_extra_permission":0,"book_extra_word_number":0},"log_id":"20260501035109841DB3C96668CD98B984","message'
2026-05-01 03:51:09 [INFO] publisher.browser: 浏览器已关闭
2026-05-01 03:52:21 [DEBUG] asyncio: Using selector: KqueueSelector
2026-05-01 03:52:21 [INFO] publisher.browser: 使用已保存的登录状态启动浏览器: /Users/liangfushou/.opencode/fanqie_auth_state.json
2026-05-01 03:52:22 [INFO] publisher.browser: 浏览器启动成功 (headless=False, storage_state=True)
2026-05-01 03:52:22 [INFO] publisher.auth: 正在导航到番茄作家后台: https://fanqienovel.com/main/writer/?enter_from=author_zone
2026-05-01 03:52:29 [INFO] publisher.auth: 已登录（URL: https://fanqienovel.com/main/writer/?enter_from=author_zone）
2026-05-01 03:52:29 [INFO] publisher.auth: 登录状态已保存到: /Users/liangfushou/.opencode/fanqie_auth_state.json
2026-05-01 03:52:29 [DEBUG] publisher.fanqie_client: GET /api/author/chapter/draft_list/v1/ → HTTP 200  body='{"code":0,"data":{"total_count":0,"draft_list":[],"book_status":2,"creation_status":1,"book_write_extra_permission":0,"book_extra_word_number":0},"log_id":"20260501035229B32B181ED36A7EA4506C","message'
2026-05-01 03:52:29 [DEBUG] publisher.fanqie_client: GET /api/author/chapter/chapter_list/v1/ → HTTP 200  body='{"code":-2,"data":null,"log_id":"20260501035229106981A4818CBA7AE8EC","message":"参数有误"}\n'
2026-05-01 03:52:29 [DEBUG] publisher.fanqie_client: GET /api/author/volume/volume_list/v1/ → HTTP 200  body='{"code":0,"data":{"volume_list":[{"index":1,"book_id":"7634607479384460313","volume_id":"7634607480890215449","volume_name":"第一卷：血雾未散","item_count":0,"can_delete":true}]},"log_id":"20260501035229CC89A'
2026-05-01 03:52:29 [INFO] publisher.browser: 浏览器已关闭
2026-05-01 03:52:48 [DEBUG] asyncio: Using selector: KqueueSelector
2026-05-01 03:52:48 [INFO] publisher.browser: 使用已保存的登录状态启动浏览器: /Users/liangfushou/.opencode/fanqie_auth_state.json
2026-05-01 03:52:50 [INFO] publisher.browser: 浏览器启动成功 (headless=False, storage_state=True)
2026-05-01 03:52:50 [INFO] publisher.auth: 正在导航到番茄作家后台: https://fanqienovel.com/main/writer/?enter_from=author_zone
2026-05-01 03:52:52 [INFO] publisher.auth: 已登录（URL: https://fanqienovel.com/main/writer/?enter_from=author_zone）
2026-05-01 03:52:52 [INFO] publisher.auth: 登录状态已保存到: /Users/liangfushou/.opencode/fanqie_auth_state.json
2026-05-01 03:52:52 [DEBUG] publisher.fanqie_client: GET /api/author/chapter/draft_list/v1/ → HTTP 200  body='{"code":0,"data":{"total_count":0,"draft_list":[],"book_status":2,"creation_status":1,"book_write_extra_permission":0,"book_extra_word_number":0},"log_id":"20260501035252C276837AA88294715758","message'
2026-05-01 03:52:52 [DEBUG] publisher.fanqie_client: GET /api/author/chapter/draft_list/v1/ → HTTP 200  body='{"code":0,"data":{"total_count":0,"draft_list":[],"book_status":1,"creation_status":1,"book_write_extra_permission":0,"book_extra_word_number":0},"log_id":"202605010352529BCD52383E96B9A56BAB","message'
2026-05-01 03:52:52 [INFO] publisher.browser: 浏览器已关闭
2026-05-01 04:04:58 [DEBUG] publisher.fanqie_client: GET /api/author/homepage/book_list/v0/ → HTTP 200  body='{"code":0,"data":{"author_risk":1,"book_list":[{"abstract":"波之国大桥上，白即将替再不斩挡下雷切。所有人都以为，这就是他的命。只有雾原朔看见了那条死线。他不是穿越者，没有系统，也不知道完整剧情。他只是血雾时代活下来的判忍，凭一双“死劫之眼”，看见别人最接近死亡的瞬间。于是，白没死。再不斩没死。卡多被清算。波之国的结局，从这一刻彻底偏离原著'
2026-05-01 04:04:58 [DEBUG] publisher.fanqie_client: GET /api/author/chapter/chapter_list/v1 → HTTP 200  body='{"code":0,"data":{"total_count":0,"total_fail_count":0,"book_genre":0,"item_list":[],"book_status":2,"creation_status":1,"book_write_extra_permission":0,"book_extra_word_number":0},"log_id":"202605010'
2026-05-01 04:04:58 [DEBUG] publisher.fanqie_client: GET /api/author/chapter/draft_list/v1/ → HTTP 200  body='{"code":0,"data":{"total_count":0,"draft_list":[],"book_status":2,"creation_status":1,"book_write_extra_permission":0,"book_extra_word_number":0},"log_id":"2026050104045876DAA00AAE7A73CFE44D","message'
2026-05-01 04:08:13 [DEBUG] publisher.fanqie_client: GET /api/author/volume/volume_list/v1/ → HTTP 200  body='{"code":0,"data":{"volume_list":[{"index":1,"book_id":"7634607479384460313","volume_id":"7634607480890215449","volume_name":"第一卷：血雾未散","item_count":0,"can_delete":true}]},"log_id":"20260501040813835D8'
2026-05-01 04:08:13 [INFO] publisher.fanqie_client: 开始上传 3 章到书籍 7634607479384460313
2026-05-01 04:08:13 [INFO] publisher.fanqie_client: POST /api/author/article/new_article/v0/ → HTTP 200  body={"code":0,"data":{"column_data":{"article_status":0,"book_id":"7634607479384460313","book_name":"火影：血雾判忍，开局救下白","can_charge":0,"previous_chapter_title":"","need_pay":0,"platform":2,"sale_type":0,"status":2,"verify_status":1,"audit_chapter":{"audit_failed_chapter_title":"","audit_time_chapter_title":""},"origin_chapter_ad_status":0,"chapter_ad_permission":false,"chapter_passed_num":0,"has_new_volume":false,"attribution_type":1,"book_extra_word_number":0,"has_new_volume_tip":"可以在这里选择新建的分卷"},"volum
2026-05-01 04:08:13 [INFO] publisher.fanqie_client: 已创建草稿槽: item_id=7634646651289731646
2026-05-01 04:08:14 [INFO] publisher.fanqie_client: POST /api/author/article/cover_article/v0/ → HTTP 200  body={"code":0,"data":{"latest_version":1},"log_id":"202605010408146E22DFB3D9388177F7F4","message":"success"}

2026-05-01 04:08:14 [INFO] publisher.fanqie_client: 草稿已保存: item_id=7634646651289731646, title=第 1 章 桥上的白线
2026-05-01 04:08:14 [INFO] publisher.fanqie_client: POST /api/author/article/new_article/v0/ → HTTP 200  body={"code":0,"data":{"column_data":{"article_status":0,"book_id":"7634607479384460313","book_name":"火影：血雾判忍，开局救下白","can_charge":0,"previous_chapter_title":"","need_pay":0,"platform":2,"sale_type":0,"status":2,"verify_status":1,"audit_chapter":{"audit_failed_chapter_title":"","audit_time_chapter_title":""},"origin_chapter_ad_status":0,"chapter_ad_permission":false,"chapter_passed_num":0,"has_new_volume":false,"attribution_type":1,"book_extra_word_number":0,"has_new_volume_tip":"可以在这里选择新建的分卷"},"volum
2026-05-01 04:08:14 [INFO] publisher.fanqie_client: 已创建草稿槽: item_id=7634646653391077950
2026-05-01 04:08:14 [INFO] publisher.fanqie_client: POST /api/author/article/cover_article/v0/ → HTTP 200  body={"code":0,"data":{"latest_version":1},"log_id":"202605010408142351BF0128EF506EA4E6","message":"success"}

2026-05-01 04:08:14 [INFO] publisher.fanqie_client: 草稿已保存: item_id=7634646653391077950, title=第 2 章 雷光之前
2026-05-01 04:08:15 [INFO] publisher.fanqie_client: POST /api/author/article/new_article/v0/ → HTTP 200  body={"code":0,"data":{"column_data":{"article_status":0,"book_id":"7634607479384460313","book_name":"火影：血雾判忍，开局救下白","can_charge":0,"previous_chapter_title":"","need_pay":0,"platform":2,"sale_type":0,"status":2,"verify_status":1,"audit_chapter":{"audit_failed_chapter_title":"","audit_time_chapter_title":""},"origin_chapter_ad_status":0,"chapter_ad_permission":false,"chapter_passed_num":0,"has_new_volume":false,"attribution_type":1,"book_extra_word_number":0,"has_new_volume_tip":"可以在这里选择新建的分卷"},"volum
2026-05-01 04:08:15 [INFO] publisher.fanqie_client: 已创建草稿槽: item_id=7634646655748276798
2026-05-01 04:08:15 [INFO] publisher.fanqie_client: POST /api/author/article/cover_article/v0/ → HTTP 200  body={"code":0,"data":{"latest_version":1},"log_id":"20260501040815835D843255DBEBD04EC7","message":"success"}

2026-05-01 04:08:15 [INFO] publisher.fanqie_client: 草稿已保存: item_id=7634646655748276798, title=第 3 章 第二条死线
2026-05-01 04:08:16 [DEBUG] publisher.fanqie_client: GET /api/author/chapter/chapter_list/v1 → HTTP 200  body='{"code":0,"data":{"total_count":0,"total_fail_count":0,"book_genre":0,"item_list":[],"book_status":2,"creation_status":1,"book_write_extra_permission":0,"book_extra_word_number":0},"log_id":"202605010'
2026-05-01 04:08:16 [DEBUG] publisher.fanqie_client: GET /api/author/chapter/draft_list/v1/ → HTTP 200  body='{"code":0,"data":{"total_count":3,"draft_list":[{"item_id":"7634646655748276798","volume_id":"7634607480890215449","volume_name":"","index":-1,"title":"第 3 章 第二条死线","modify_time":"1777579695","word_nu'
2026-05-01 04:23:40 [INFO] publisher.browser: 浏览器已关闭
